<?xml version="1.0" encoding="UTF-8"?>
<robot generator="Robot 6.1.1 (Python 3.10.10 on win32)" generated="20240530 13:11:09.463" rpa="false" schemaversion="4">
<suite id="s1" name="Group1" source="C:\Users\Professional\PycharmProjects\RobotFramework\tests\Group1.robot">
<test id="s1-t1" name="Upload an image for the image item" line="615">
<kw name="Setup Chrome Webdriver and Access URL" library="Keywords" type="SETUP">
<kw name="Get Chromedriver Path" library="driversync">
<var>${chromedriver_path}</var>
<msg timestamp="20240530 13:11:10.292" level="INFO">====== WebDriver manager ======</msg>
<msg timestamp="20240530 13:11:11.345" level="INFO">Get LATEST chromedriver version for google-chrome</msg>
<msg timestamp="20240530 13:11:11.467" level="INFO">Get LATEST chromedriver version for google-chrome</msg>
<msg timestamp="20240530 13:11:11.636" level="INFO">Driver [C:\Users\Professional\.wdm\drivers\chromedriver\win64\125.0.6422.78\chromedriver-win32/chromedriver.exe] found in cache</msg>
<msg timestamp="20240530 13:11:15.457" level="INFO">====== WebDriver manager ======</msg>
<msg timestamp="20240530 13:11:16.496" level="INFO">Get LATEST chromedriver version for google-chrome</msg>
<msg timestamp="20240530 13:11:16.618" level="INFO">Get LATEST chromedriver version for google-chrome</msg>
<msg timestamp="20240530 13:11:16.748" level="INFO">Driver [C:\Users\Professional\.wdm\drivers\chromedriver\win64\125.0.6422.78\chromedriver-win32/chromedriver.exe] found in cache</msg>
<msg timestamp="20240530 13:11:20.836" level="INFO">${chromedriver_path} = C:\Users\Professional\.wdm\drivers\chromedriver\win64\125.0.6422.78\chromedriver-win32/chromedriver.exe</msg>
<status status="PASS" starttime="20240530 13:11:10.292" endtime="20240530 13:11:20.836"/>
</kw>
<kw name="Evaluate" library="BuiltIn">
<var>${options}</var>
<arg>sys.modules['selenium.webdriver'].ChromeOptions()</arg>
<arg>sys</arg>
<doc>Evaluates the given expression in Python and returns the result.</doc>
<msg timestamp="20240530 13:11:20.837" level="INFO">${options} = &lt;selenium.webdriver.chrome.options.Options object at 0x0000028C1C31AC50&gt;</msg>
<status status="PASS" starttime="20240530 13:11:20.837" endtime="20240530 13:11:20.837"/>
</kw>
<kw name="Call Method" library="BuiltIn">
<arg>${options}</arg>
<arg>add_argument</arg>
<arg>--disable-notifications</arg>
<doc>Calls the named method of the given object with the provided arguments.</doc>
<status status="PASS" starttime="20240530 13:11:20.837" endtime="20240530 13:11:20.838"/>
</kw>
<kw name="Call Method" library="BuiltIn">
<arg>${options}</arg>
<arg>add_argument</arg>
<arg>--disable-infobars</arg>
<doc>Calls the named method of the given object with the provided arguments.</doc>
<status status="PASS" starttime="20240530 13:11:20.838" endtime="20240530 13:11:20.838"/>
</kw>
<kw name="Call Method" library="BuiltIn">
<arg>${options}</arg>
<arg>add_argument</arg>
<arg>--disable-extensions</arg>
<doc>Calls the named method of the given object with the provided arguments.</doc>
<status status="PASS" starttime="20240530 13:11:20.838" endtime="20240530 13:11:20.839"/>
</kw>
<kw name="Call Method" library="BuiltIn">
<arg>${options}</arg>
<arg>add_argument</arg>
<arg>--no-sandbox</arg>
<doc>Calls the named method of the given object with the provided arguments.</doc>
<status status="PASS" starttime="20240530 13:11:20.839" endtime="20240530 13:11:20.839"/>
</kw>
<kw name="Call Method" library="BuiltIn">
<arg>${options}</arg>
<arg>add_argument</arg>
<arg>--start-maximized</arg>
<doc>Calls the named method of the given object with the provided arguments.</doc>
<status status="PASS" starttime="20240530 13:11:20.839" endtime="20240530 13:11:20.840"/>
</kw>
<kw name="Open Browser" library="SeleniumLibrary">
<arg>https://pre.bonp.me/member</arg>
<arg>browser=chrome</arg>
<arg>options=${options}</arg>
<arg>executable_path=${chromedriver_path}</arg>
<doc>Opens a new browser instance to the optional ``url``.</doc>
<msg timestamp="20240530 13:11:20.841" level="INFO">Opening browser 'chrome' to base url 'https://pre.bonp.me/member'.</msg>
<status status="PASS" starttime="20240530 13:11:20.840" endtime="20240530 13:11:34.436"/>
</kw>
<kw name="Set Selenium Implicit Wait" library="SeleniumLibrary">
<arg>15s</arg>
<doc>Sets the implicit wait value used by Selenium.</doc>
<status status="PASS" starttime="20240530 13:11:34.436" endtime="20240530 13:11:34.454"/>
</kw>
<status status="PASS" starttime="20240530 13:11:10.291" endtime="20240530 13:11:34.454"/>
</kw>
<kw name="Set Variable" library="BuiltIn">
<var>${my_imageitem_image}</var>
<arg>${IMAGE_PATH}\\flamingo.jpg</arg>
<doc>Returns the given values which can then be assigned to a variables.</doc>
<msg timestamp="20240530 13:11:34.455" level="INFO">${my_imageitem_image} = C:\Users\Professional\PycharmProjects\RobotFramework\uploaddata\flamingo.jpg</msg>
<status status="PASS" starttime="20240530 13:11:34.455" endtime="20240530 13:11:34.456"/>
</kw>
<kw name="Login" library="Keywords">
<arg>${credentials}[email]</arg>
<arg>${credentials}[password]</arg>
<kw name="Go To" library="SeleniumLibrary">
<arg>${environment}</arg>
<doc>Navigates the current browser window to the provided ``url``.</doc>
<msg timestamp="20240530 13:11:34.457" level="INFO">Opening url 'https://pre.bonp.me//member'</msg>
<msg timestamp="20240530 13:11:34.474" level="WARN">Keyword 'Capture Page Screenshot' could not be run on failure: Message: no such window: target window already closed
from unknown error: web view not found
  (Session info: chrome=125.0.6422.113)
Stacktrace:
	GetHandleVerifier [0x009EB793+45827]
	(No symbol) [0x0097DB74]
	(No symbol) [0x0087150F]
	(No symbol) [0x0084E133]
	(No symbol) [0x008D949F]
	(No symbol) [0x008EB8E6]
	(No symbol) [0x008D2B96]
	(No symbol) [0x008A6998]
	(No symbol) [0x008A751D]
	GetHandleVerifier [0x00CA43C3+2899763]
	GetHandleVerifier [0x00CF77ED+3240797]
	GetHandleVerifier [0x00A71264+593364]
	GetHandleVerifier [0x00A7818C+621820]
	(No symbol) [0x00986F54]
	(No symbol) [0x00983658]
	(No symbol) [0x009837F7]
	(No symbol) [0x009758AE]
	BaseThreadInitThunk [0x7711FA29+25]
	RtlGetAppContainerNamedObjectPath [0x774F7A7E+286]
	RtlGetAppContainerNamedObjectPath [0x774F7A4E+238]
</msg>
<msg timestamp="20240530 13:11:34.475" level="FAIL">NoSuchWindowException: Message: no such window: target window already closed
from unknown error: web view not found
  (Session info: chrome=125.0.6422.113)
Stacktrace:
	GetHandleVerifier [0x009EB793+45827]
	(No symbol) [0x0097DB74]
	(No symbol) [0x0087150F]
	(No symbol) [0x0084E133]
	(No symbol) [0x008D949F]
	(No symbol) [0x008EB8E6]
	(No symbol) [0x008D2B96]
	(No symbol) [0x008A6998]
	(No symbol) [0x008A751D]
	GetHandleVerifier [0x00CA43C3+2899763]
	GetHandleVerifier [0x00CF77ED+3240797]
	GetHandleVerifier [0x00A71264+593364]
	GetHandleVerifier [0x00A7818C+621820]
	(No symbol) [0x00986F54]
	(No symbol) [0x00983658]
	(No symbol) [0x009837F7]
	(No symbol) [0x009758AE]
	BaseThreadInitThunk [0x7711FA29+25]
	RtlGetAppContainerNamedObjectPath [0x774F7A7E+286]
	RtlGetAppContainerNamedObjectPath [0x774F7A4E+238]
</msg>
<status status="FAIL" starttime="20240530 13:11:34.457" endtime="20240530 13:11:34.478"/>
</kw>
<kw name="Wait Until Element Is Visible and Enabled" library="Keywords">
<arg>${email_input}</arg>
<status status="NOT RUN" starttime="20240530 13:11:34.478" endtime="20240530 13:11:34.478"/>
</kw>
<kw name="Input Text" library="SeleniumLibrary">
<arg>${email_input}</arg>
<arg>${username}</arg>
<doc>Types the given ``text`` into the text field identified by ``locator``.</doc>
<status status="NOT RUN" starttime="20240530 13:11:34.478" endtime="20240530 13:11:34.479"/>
</kw>
<kw name="Wait Until Element Is Visible and Enabled" library="Keywords">
<arg>${pass_input}</arg>
<status status="NOT RUN" starttime="20240530 13:11:34.479" endtime="20240530 13:11:34.479"/>
</kw>
<kw name="Input Text" library="SeleniumLibrary">
<arg>${pass_input}</arg>
<arg>${password}</arg>
<doc>Types the given ``text`` into the text field identified by ``locator``.</doc>
<status status="NOT RUN" starttime="20240530 13:11:34.479" endtime="20240530 13:11:34.479"/>
</kw>
<kw name="Wait Until Element Is Visible and Enabled" library="Keywords">
<arg>${submit_button}</arg>
<status status="NOT RUN" starttime="20240530 13:11:34.480" endtime="20240530 13:11:34.480"/>
</kw>
<kw name="Click Button" library="SeleniumLibrary">
<arg>${submit_button}</arg>
<doc>Clicks the button identified by ``locator``.</doc>
<status status="NOT RUN" starttime="20240530 13:11:34.480" endtime="20240530 13:11:34.480"/>
</kw>
<status status="FAIL" starttime="20240530 13:11:34.456" endtime="20240530 13:11:34.480"/>
</kw>
<kw name="Open Specified Bot" library="Keywords">
<arg>${bot_names_list}</arg>
<arg>${my_api10_bot_name}</arg>
<status status="NOT RUN" starttime="20240530 13:11:34.480" endtime="20240530 13:11:34.481"/>
</kw>
<kw name="Go To Chatflow Tab" library="Keywords">
<status status="NOT RUN" starttime="20240530 13:11:34.481" endtime="20240530 13:11:34.481"/>
</kw>
<kw name="Select group and chatflow item" library="Keywords">
<arg>${group1}</arg>
<arg>${image1}</arg>
<status status="NOT RUN" starttime="20240530 13:11:34.481" endtime="20240530 13:11:34.481"/>
</kw>
<kw name="Click My Element" library="Keywords">
<arg>${my_imageitem_camera_icon}</arg>
<status status="NOT RUN" starttime="20240530 13:11:34.482" endtime="20240530 13:11:34.482"/>
</kw>
<kw name="Sleep" library="BuiltIn">
<arg>4s</arg>
<doc>Pauses the test executed for the given time.</doc>
<status status="NOT RUN" starttime="20240530 13:11:34.482" endtime="20240530 13:11:34.482"/>
</kw>
<kw name="Upload File" library="Keywords">
<arg>${my_imageitem_image}</arg>
<status status="NOT RUN" starttime="20240530 13:11:34.482" endtime="20240530 13:11:34.483"/>
</kw>
<kw name="Sleep" library="BuiltIn">
<arg>10s</arg>
<doc>Pauses the test executed for the given time.</doc>
<status status="NOT RUN" starttime="20240530 13:11:34.483" endtime="20240530 13:11:34.483"/>
</kw>
<kw name="Close Browser" library="SeleniumLibrary" type="TEARDOWN">
<doc>Closes the current browser.</doc>
<status status="PASS" starttime="20240530 13:11:34.483" endtime="20240530 13:11:36.654"/>
</kw>
<doc>This test uploades on image by link for "image1" item in the "group1" chatflow.</doc>
<tag>AppTab</tag>
<tag>Regression</tag>
<status status="FAIL" starttime="20240530 13:11:10.290" endtime="20240530 13:11:36.654">NoSuchWindowException: Message: no such window: target window already closed
from unknown error: web view not found
  (Session info: chrome=125.0.6422.113)
Stacktrace:
	GetHandleVerifier [0x009EB793+45827]
	(No symbol) [0x0097DB74]
	(No symbol) [0x0087150F]
	(No symbol) [0x0084E133]
	(No symbol) [0x008D949F]
	(No symbol) [0x008EB8E6]
	(No symbol) [0x008D2B96]
	(No symbol) [0x008A6998]
	(No symbol) [0x008A751D]
	GetHandleVerifier [0x00CA43C3+2899763]
	GetHandleVerifier [0x00CF77ED+3240797]
	GetHandleVerifier [0x00A71264+593364]
	GetHandleVerifier [0x00A7818C+621820]
	(No symbol) [0x00986F54]
	(No symbol) [0x00983658]
	(No symbol) [0x009837F7]
	(No symbol) [0x009758AE]
	BaseThreadInitThunk [0x7711FA29+25]
	RtlGetAppContainerNamedObjectPath [0x774F7A7E+286]
	RtlGetAppContainerNamedObjectPath [0x774F7A4E+238]
</status>
</test>
<status status="FAIL" starttime="20240530 13:11:09.467" endtime="20240530 13:11:36.655"/>
</suite>
<statistics>
<total>
<stat pass="0" fail="1" skip="0">All Tests</stat>
</total>
<tag>
<stat pass="0" fail="1" skip="0">AppTab</stat>
<stat pass="0" fail="1" skip="0">Regression</stat>
</tag>
<suite>
<stat pass="0" fail="1" skip="0" id="s1" name="Group1">Group1</stat>
</suite>
</statistics>
<errors>
<msg timestamp="20240530 13:11:34.474" level="WARN">Keyword 'Capture Page Screenshot' could not be run on failure: Message: no such window: target window already closed
from unknown error: web view not found
  (Session info: chrome=125.0.6422.113)
Stacktrace:
	GetHandleVerifier [0x009EB793+45827]
	(No symbol) [0x0097DB74]
	(No symbol) [0x0087150F]
	(No symbol) [0x0084E133]
	(No symbol) [0x008D949F]
	(No symbol) [0x008EB8E6]
	(No symbol) [0x008D2B96]
	(No symbol) [0x008A6998]
	(No symbol) [0x008A751D]
	GetHandleVerifier [0x00CA43C3+2899763]
	GetHandleVerifier [0x00CF77ED+3240797]
	GetHandleVerifier [0x00A71264+593364]
	GetHandleVerifier [0x00A7818C+621820]
	(No symbol) [0x00986F54]
	(No symbol) [0x00983658]
	(No symbol) [0x009837F7]
	(No symbol) [0x009758AE]
	BaseThreadInitThunk [0x7711FA29+25]
	RtlGetAppContainerNamedObjectPath [0x774F7A7E+286]
	RtlGetAppContainerNamedObjectPath [0x774F7A4E+238]
</msg>
</errors>
</robot>
