<?xml version="1.0" encoding="UTF-8"?>
<robot generator="Robot 6.1.1 (Python 3.10.10 on win32)" generated="20240205 14:02:43.358" rpa="false" schemaversion="4">
<suite id="s1" name="AddBots" source="C:\Users\Professional\PycharmProjects\RobotFramework\scripts\..\tests\AddBots.robot">
<test id="s1-t1" name="create API1.0 bot" line="8">
<kw name="Setup Firefox Webdriver" library="Keywords" type="SETUP">
<kw name="Evaluate" library="BuiltIn">
<var>${options}</var>
<arg>sys.modules['selenium.webdriver'].FirefoxOptions()</arg>
<arg>sys</arg>
<doc>Evaluates the given expression in Python and returns the result.</doc>
<msg timestamp="20240205 14:02:43.754" level="INFO">${options} = &lt;selenium.webdriver.firefox.options.Options object at 0x000001C7A530FF10&gt;</msg>
<status status="PASS" starttime="20240205 14:02:43.753" endtime="20240205 14:02:43.754"/>
</kw>
<kw name="Call Method" library="BuiltIn">
<arg>${options}</arg>
<arg>add_argument</arg>
<arg>--disable-notifications</arg>
<doc>Calls the named method of the given object with the provided arguments.</doc>
<status status="PASS" starttime="20240205 14:02:43.754" endtime="20240205 14:02:43.754"/>
</kw>
<kw name="Call Method" library="BuiltIn">
<arg>${options}</arg>
<arg>add_argument</arg>
<arg>--disable-infobars</arg>
<doc>Calls the named method of the given object with the provided arguments.</doc>
<status status="PASS" starttime="20240205 14:02:43.755" endtime="20240205 14:02:43.755"/>
</kw>
<kw name="Call Method" library="BuiltIn">
<arg>${options}</arg>
<arg>add_argument</arg>
<arg>--disable-extensions</arg>
<doc>Calls the named method of the given object with the provided arguments.</doc>
<status status="PASS" starttime="20240205 14:02:43.755" endtime="20240205 14:02:43.755"/>
</kw>
<kw name="Call Method" library="BuiltIn">
<arg>${options}</arg>
<arg>add_argument</arg>
<arg>--start-maximized</arg>
<doc>Calls the named method of the given object with the provided arguments.</doc>
<status status="PASS" starttime="20240205 14:02:43.755" endtime="20240205 14:02:43.755"/>
</kw>
<kw name="Open Browser" library="SeleniumLibrary">
<arg>https://pre.bonp.me//member</arg>
<arg>firefox</arg>
<arg>options=${options}</arg>
<arg>executable_path=C:\Users\Professional\Downloads\geckodriver-v0.34.0-win-aarch64</arg>
<doc>Opens a new browser instance to the optional ``url``.</doc>
<msg timestamp="20240205 14:02:43.758" level="INFO">Opening browser 'firefox' to base url 'https://pre.bonp.me//member'.</msg>
<status status="PASS" starttime="20240205 14:02:43.756" endtime="20240205 14:02:55.261"/>
</kw>
<kw name="Set Selenium Implicit Wait" library="SeleniumLibrary">
<arg>15s</arg>
<doc>Sets the implicit wait value used by Selenium.</doc>
<status status="PASS" starttime="20240205 14:02:55.261" endtime="20240205 14:02:55.340"/>
</kw>
<status status="PASS" starttime="20240205 14:02:43.753" endtime="20240205 14:02:55.340"/>
</kw>
<kw name="Create List" library="BuiltIn">
<var>${checkbox_values}</var>
<arg>crm</arg>
<arg>events</arg>
<arg>coupons</arg>
<arg>catalog</arg>
<arg>rms</arg>
<arg>chat</arg>
<arg>ec</arg>
<arg>mail</arg>
<arg>stores</arg>
<arg>campaign</arg>
<arg>elgana</arg>
<arg>g_events</arg>
<arg>bot_posts</arg>
<arg>user_logs</arg>
<arg>linepoints</arg>
<arg>sfa_salesforce</arg>
<arg>sfa_hubspot</arg>
<arg>lp</arg>
<arg>stamp_card</arg>
<arg>ms365</arg>
<arg>files</arg>
<doc>Returns a list containing given items.</doc>
<msg timestamp="20240205 14:02:55.341" level="INFO">${checkbox_values} = ['crm', 'events', 'coupons', 'catalog', 'rms', 'chat', 'ec', 'mail', 'stores', 'campaign', 'elgana', 'g_events', 'bot_posts', 'user_logs', 'linepoints', 'sfa_salesforce', 'sfa_hubspot', 'lp', 'stamp_c...</msg>
<status status="PASS" starttime="20240205 14:02:55.341" endtime="20240205 14:02:55.341"/>
</kw>
<kw name="Set Variable" library="BuiltIn">
<var>${my_company_name}</var>
<arg>Evolany Co., Ltd.</arg>
<doc>Returns the given values which can then be assigned to a variables.</doc>
<msg timestamp="20240205 14:02:55.342" level="INFO">${my_company_name} = Evolany Co., Ltd.</msg>
<status status="PASS" starttime="20240205 14:02:55.342" endtime="20240205 14:02:55.342"/>
</kw>
<kw name="Login" library="Keywords">
<arg>${credentials}[email]</arg>
<arg>${credentials}[password]</arg>
<kw name="Go To" library="SeleniumLibrary">
<arg>${environment}</arg>
<doc>Navigates the current browser window to the provided ``url``.</doc>
<msg timestamp="20240205 14:02:55.343" level="INFO">Opening url 'https://pre.bonp.me//member'</msg>
<msg timestamp="20240205 14:02:55.354" level="WARN">Keyword 'Capture Page Screenshot' could not be run on failure: Message: Failed to decode response from marionette
</msg>
<msg timestamp="20240205 14:02:55.357" level="FAIL">InvalidSessionIdException: Message: WebDriver session does not exist, or is not active
Stacktrace:
RemoteError@chrome://remote/content/shared/RemoteError.sys.mjs:8:8
WebDriverError@chrome://remote/content/shared/webdriver/Errors.sys.mjs:191:5
InvalidSessionIDError@chrome://remote/content/shared/webdriver/Errors.sys.mjs:446:5
assert.that/&lt;@chrome://remote/content/shared/webdriver/Assert.sys.mjs:485:13
assert.session@chrome://remote/content/shared/webdriver/Assert.sys.mjs:37:4
despatch@chrome://remote/content/marionette/server.sys.mjs:315:19
execute@chrome://remote/content/marionette/server.sys.mjs:289:16
onPacket/&lt;@chrome://remote/content/marionette/server.sys.mjs:262:20
onPacket@chrome://remote/content/marionette/server.sys.mjs:263:9
_onJSONObjectReady/&lt;@chrome://remote/content/marionette/transport.sys.mjs:494:20
</msg>
<status status="FAIL" starttime="20240205 14:02:55.343" endtime="20240205 14:02:55.362"/>
</kw>
<kw name="Wait Until Element Is Visible and Enabled" library="Keywords">
<arg>${email_input}</arg>
<status status="NOT RUN" starttime="20240205 14:02:55.362" endtime="20240205 14:02:55.363"/>
</kw>
<kw name="Input Text" library="SeleniumLibrary">
<arg>${email_input}</arg>
<arg>${username}</arg>
<doc>Types the given ``text`` into the text field identified by ``locator``.</doc>
<status status="NOT RUN" starttime="20240205 14:02:55.363" endtime="20240205 14:02:55.363"/>
</kw>
<kw name="Wait Until Element Is Visible and Enabled" library="Keywords">
<arg>${pass_input}</arg>
<status status="NOT RUN" starttime="20240205 14:02:55.363" endtime="20240205 14:02:55.363"/>
</kw>
<kw name="Input Text" library="SeleniumLibrary">
<arg>${pass_input}</arg>
<arg>${password}</arg>
<doc>Types the given ``text`` into the text field identified by ``locator``.</doc>
<status status="NOT RUN" starttime="20240205 14:02:55.363" endtime="20240205 14:02:55.363"/>
</kw>
<kw name="Wait Until Element Is Visible and Enabled" library="Keywords">
<arg>${submit_button}</arg>
<status status="NOT RUN" starttime="20240205 14:02:55.363" endtime="20240205 14:02:55.363"/>
</kw>
<kw name="Click Button" library="SeleniumLibrary">
<arg>${submit_button}</arg>
<doc>Clicks the button identified by ``locator``.</doc>
<status status="NOT RUN" starttime="20240205 14:02:55.363" endtime="20240205 14:02:55.363"/>
</kw>
<status status="FAIL" starttime="20240205 14:02:55.343" endtime="20240205 14:02:55.363"/>
</kw>
<kw name="Wait Until Element Is Visible and Enabled" library="Keywords">
<arg>${new_app_button}</arg>
<status status="NOT RUN" starttime="20240205 14:02:55.364" endtime="20240205 14:02:55.364"/>
</kw>
<kw name="Click Button" library="SeleniumLibrary">
<arg>${new_app_button}</arg>
<doc>Clicks the button identified by ``locator``.</doc>
<status status="NOT RUN" starttime="20240205 14:02:55.364" endtime="20240205 14:02:55.364"/>
</kw>
<kw name="Wait Until Element Is Visible and Enabled" library="Keywords">
<arg>${new_bot_name}</arg>
<status status="NOT RUN" starttime="20240205 14:02:55.364" endtime="20240205 14:02:55.364"/>
</kw>
<kw name="Input Text" library="SeleniumLibrary">
<arg>${new_bot_name}</arg>
<arg>${my_api10_bot_name}</arg>
<doc>Types the given ``text`` into the text field identified by ``locator``.</doc>
<status status="NOT RUN" starttime="20240205 14:02:55.365" endtime="20240205 14:02:55.365"/>
</kw>
<for flavor="IN">
<var>${value}</var>
<value>@{checkbox_values}</value>
<iter>
<var name="${value}"/>
<kw name="Run Keyword If" library="BuiltIn">
<arg>'${value}' != 'chatgpt'</arg>
<arg>Click Element</arg>
<arg>//input[@value='${value}']</arg>
<doc>Runs the given keyword with the given arguments, if ``condition`` is true.</doc>
<status status="NOT RUN" starttime="20240205 14:02:55.365" endtime="20240205 14:02:55.365"/>
</kw>
<status status="NOT RUN" starttime="20240205 14:02:55.365" endtime="20240205 14:02:55.365"/>
</iter>
<status status="NOT RUN" starttime="20240205 14:02:55.365" endtime="20240205 14:02:55.365"/>
</for>
<kw name="Select Radio Button" library="SeleniumLibrary">
<arg>plan</arg>
<arg>pro</arg>
<doc>Sets the radio button group ``group_name`` to ``value``.</doc>
<status status="NOT RUN" starttime="20240205 14:02:55.366" endtime="20240205 14:02:55.366"/>
</kw>
<kw name="Select Radio Button" library="SeleniumLibrary">
<arg>apiver</arg>
<arg>1</arg>
<doc>Sets the radio button group ``group_name`` to ``value``.</doc>
<status status="NOT RUN" starttime="20240205 14:02:55.366" endtime="20240205 14:02:55.366"/>
</kw>
<kw name="Wait Until Element Is Visible and Enabled" library="Keywords">
<arg>${company_name_input_field}</arg>
<status status="NOT RUN" starttime="20240205 14:02:55.366" endtime="20240205 14:02:55.366"/>
</kw>
<kw name="Click Element" library="SeleniumLibrary">
<arg>${company_name_input_field}</arg>
<doc>Click the element identified by ``locator``.</doc>
<status status="NOT RUN" starttime="20240205 14:02:55.366" endtime="20240205 14:02:55.366"/>
</kw>
<kw name="Sleep" library="BuiltIn">
<arg>1s</arg>
<doc>Pauses the test executed for the given time.</doc>
<status status="NOT RUN" starttime="20240205 14:02:55.367" endtime="20240205 14:02:55.367"/>
</kw>
<kw name="Input Text" library="SeleniumLibrary">
<arg>${company_name_input_field}</arg>
<arg>${my_company_name}</arg>
<doc>Types the given ``text`` into the text field identified by ``locator``.</doc>
<status status="NOT RUN" starttime="20240205 14:02:55.367" endtime="20240205 14:02:55.367"/>
</kw>
<kw name="Sleep" library="BuiltIn">
<arg>1s</arg>
<doc>Pauses the test executed for the given time.</doc>
<status status="NOT RUN" starttime="20240205 14:02:55.368" endtime="20240205 14:02:55.368"/>
</kw>
<kw name="Wait Until Element Is Visible and Enabled" library="Keywords">
<arg>${company_name_option}</arg>
<status status="NOT RUN" starttime="20240205 14:02:55.368" endtime="20240205 14:02:55.368"/>
</kw>
<kw name="Click Element" library="SeleniumLibrary">
<arg>${company_name_option}</arg>
<doc>Click the element identified by ``locator``.</doc>
<status status="NOT RUN" starttime="20240205 14:02:55.370" endtime="20240205 14:02:55.370"/>
</kw>
<kw name="Wait Until Element Is Visible and Enabled" library="Keywords">
<arg>${save_bot_settings}</arg>
<status status="NOT RUN" starttime="20240205 14:02:55.371" endtime="20240205 14:02:55.371"/>
</kw>
<kw name="Click Button" library="SeleniumLibrary">
<arg>${save_bot_settings}</arg>
<doc>Clicks the button identified by ``locator``.</doc>
<status status="NOT RUN" starttime="20240205 14:02:55.372" endtime="20240205 14:02:55.372"/>
</kw>
<kw name="Wait Until Page Does Not Contain Element" library="SeleniumLibrary">
<arg>${loader_screen}</arg>
<arg>timeout=30s</arg>
<doc>Waits until the element ``locator`` disappears from the current page.</doc>
<status status="NOT RUN" starttime="20240205 14:02:55.373" endtime="20240205 14:02:55.373"/>
</kw>
<kw name="Close Browser" library="SeleniumLibrary" type="TEARDOWN">
<doc>Closes the current browser.</doc>
<status status="PASS" starttime="20240205 14:02:55.375" endtime="20240205 14:02:57.446"/>
</kw>
<doc>This test creates a BR V2 API1.0 bot under Evolany Co., Ltd. company</doc>
<tag>API1.0</tag>
<tag>NewAppPopup</tag>
<tag>Regression</tag>
<tag>Test1</tag>
<tag>Test2</tag>
<status status="FAIL" starttime="20240205 14:02:43.751" endtime="20240205 14:02:57.446">InvalidSessionIdException: Message: WebDriver session does not exist, or is not active
Stacktrace:
RemoteError@chrome://remote/content/shared/RemoteError.sys.mjs:8:8
WebDriverError@chrome://remote/content/shared/webdriver/Errors.sys.mjs:191:5
InvalidSessionIDError@chrome://remote/content/shared/webdriver/Errors.sys.mjs:446:5
assert.that/&lt;@chrome://remote/content/shared/webdriver/Assert.sys.mjs:485:13
assert.session@chrome://remote/content/shared/webdriver/Assert.sys.mjs:37:4
despatch@chrome://remote/content/marionette/server.sys.mjs:315:19
execute@chrome://remote/content/marionette/server.sys.mjs:289:16
onPacket/&lt;@chrome://remote/content/marionette/server.sys.mjs:262:20
onPacket@chrome://remote/content/marionette/server.sys.mjs:263:9
_onJSONObjectReady/&lt;@chrome://remote/content/marionette/transport.sys.mjs:494:20
</status>
</test>
<test id="s1-t2" name="create API2.0 bot" line="46">
<kw name="Setup Chrome Webdriver" library="Keywords" type="SETUP">
<kw name="Evaluate" library="BuiltIn">
<var>${options}</var>
<arg>sys.modules['selenium.webdriver'].ChromeOptions()</arg>
<arg>sys</arg>
<doc>Evaluates the given expression in Python and returns the result.</doc>
<msg timestamp="20240205 14:02:57.452" level="INFO">${options} = &lt;selenium.webdriver.chrome.options.Options object at 0x000001C7A5735870&gt;</msg>
<status status="PASS" starttime="20240205 14:02:57.451" endtime="20240205 14:02:57.452"/>
</kw>
<kw name="Call Method" library="BuiltIn">
<arg>${options}</arg>
<arg>add_argument</arg>
<arg>--disable-notifications</arg>
<doc>Calls the named method of the given object with the provided arguments.</doc>
<status status="PASS" starttime="20240205 14:02:57.452" endtime="20240205 14:02:57.452"/>
</kw>
<kw name="Call Method" library="BuiltIn">
<arg>${options}</arg>
<arg>add_argument</arg>
<arg>--disable-infobars</arg>
<doc>Calls the named method of the given object with the provided arguments.</doc>
<status status="PASS" starttime="20240205 14:02:57.452" endtime="20240205 14:02:57.452"/>
</kw>
<kw name="Call Method" library="BuiltIn">
<arg>${options}</arg>
<arg>add_argument</arg>
<arg>--disable-extensions</arg>
<doc>Calls the named method of the given object with the provided arguments.</doc>
<status status="PASS" starttime="20240205 14:02:57.452" endtime="20240205 14:02:57.453"/>
</kw>
<kw name="Call Method" library="BuiltIn">
<arg>${options}</arg>
<arg>add_argument</arg>
<arg>--no-sandbox</arg>
<doc>Calls the named method of the given object with the provided arguments.</doc>
<status status="PASS" starttime="20240205 14:02:57.453" endtime="20240205 14:02:57.453"/>
</kw>
<kw name="Call Method" library="BuiltIn">
<arg>${options}</arg>
<arg>add_argument</arg>
<arg>--start-maximized</arg>
<doc>Calls the named method of the given object with the provided arguments.</doc>
<status status="PASS" starttime="20240205 14:02:57.453" endtime="20240205 14:02:57.453"/>
</kw>
<kw name="Open Browser" library="SeleniumLibrary">
<arg>https://pre.bonp.me//member</arg>
<arg>chrome</arg>
<arg>options=${options}</arg>
<doc>Opens a new browser instance to the optional ``url``.</doc>
<msg timestamp="20240205 14:02:57.454" level="INFO">Opening browser 'chrome' to base url 'https://pre.bonp.me//member'.</msg>
<status status="PASS" starttime="20240205 14:02:57.453" endtime="20240205 14:02:59.438"/>
</kw>
<kw name="Set Selenium Implicit Wait" library="SeleniumLibrary">
<arg>15s</arg>
<doc>Sets the implicit wait value used by Selenium.</doc>
<status status="PASS" starttime="20240205 14:02:59.438" endtime="20240205 14:02:59.440"/>
</kw>
<status status="PASS" starttime="20240205 14:02:57.451" endtime="20240205 14:02:59.440"/>
</kw>
<kw name="Create List" library="BuiltIn">
<var>${checkbox_values}</var>
<arg>crm</arg>
<arg>events</arg>
<arg>coupons</arg>
<arg>catalog</arg>
<arg>rms</arg>
<arg>chat</arg>
<arg>ec</arg>
<arg>mail</arg>
<arg>stores</arg>
<arg>campaign</arg>
<arg>elgana</arg>
<arg>g_events</arg>
<arg>bot_posts</arg>
<arg>user_logs</arg>
<arg>linepoints</arg>
<arg>sfa_salesforce</arg>
<arg>sfa_hubspot</arg>
<arg>lp</arg>
<arg>stamp_card</arg>
<arg>ms365</arg>
<arg>files</arg>
<doc>Returns a list containing given items.</doc>
<msg timestamp="20240205 14:02:59.442" level="INFO">${checkbox_values} = ['crm', 'events', 'coupons', 'catalog', 'rms', 'chat', 'ec', 'mail', 'stores', 'campaign', 'elgana', 'g_events', 'bot_posts', 'user_logs', 'linepoints', 'sfa_salesforce', 'sfa_hubspot', 'lp', 'stamp_c...</msg>
<status status="PASS" starttime="20240205 14:02:59.441" endtime="20240205 14:02:59.442"/>
</kw>
<kw name="Set Variable" library="BuiltIn">
<var>${my_company_name}</var>
<arg>Evolany Co., Ltd.</arg>
<doc>Returns the given values which can then be assigned to a variables.</doc>
<msg timestamp="20240205 14:02:59.443" level="INFO">${my_company_name} = Evolany Co., Ltd.</msg>
<status status="PASS" starttime="20240205 14:02:59.442" endtime="20240205 14:02:59.443"/>
</kw>
<kw name="Login" library="Keywords">
<arg>${credentials}[email]</arg>
<arg>${credentials}[password]</arg>
<kw name="Go To" library="SeleniumLibrary">
<arg>${environment}</arg>
<doc>Navigates the current browser window to the provided ``url``.</doc>
<msg timestamp="20240205 14:02:59.444" level="INFO">Opening url 'https://pre.bonp.me//member'</msg>
<msg timestamp="20240205 14:02:59.448" level="WARN">Keyword 'Capture Page Screenshot' could not be run on failure: Message: no such window: target window already closed
from unknown error: web view not found
  (Session info: chrome=121.0.6167.140)
Stacktrace:
	GetHandleVerifier [0x00007FF74A1F5E42+3538674]
	(No symbol) [0x00007FF749E14C02]
	(No symbol) [0x00007FF749CC5AEB]
	(No symbol) [0x00007FF749CA288C]
	(No symbol) [0x00007FF749D35DD7]
	(No symbol) [0x00007FF749D4B40F]
	(No symbol) [0x00007FF749D2EE53]
	(No symbol) [0x00007FF749CFF514]
	(No symbol) [0x00007FF749D00631]
	GetHandleVerifier [0x00007FF74A226CAD+3738973]
	GetHandleVerifier [0x00007FF74A27C506+4089270]
	GetHandleVerifier [0x00007FF74A274823+4057299]
	GetHandleVerifier [0x00007FF749F45C49+720121]
	(No symbol) [0x00007FF749E2126F]
	(No symbol) [0x00007FF749E1C304]
	(No symbol) [0x00007FF749E1C432]
	(No symbol) [0x00007FF749E0BD04]
	BaseThreadInitThunk [0x00007FFCA4177034+20]
	RtlUserThreadStart [0x00007FFCA5DA2651+33]
</msg>
<msg timestamp="20240205 14:02:59.453" level="FAIL">NoSuchWindowException: Message: no such window: target window already closed
from unknown error: web view not found
  (Session info: chrome=121.0.6167.140)
Stacktrace:
	GetHandleVerifier [0x00007FF74A1F5E42+3538674]
	(No symbol) [0x00007FF749E14C02]
	(No symbol) [0x00007FF749CC5AEB]
	(No symbol) [0x00007FF749CA288C]
	(No symbol) [0x00007FF749D35DD7]
	(No symbol) [0x00007FF749D4B40F]
	(No symbol) [0x00007FF749D2EE53]
	(No symbol) [0x00007FF749CFF514]
	(No symbol) [0x00007FF749D00631]
	GetHandleVerifier [0x00007FF74A226CAD+3738973]
	GetHandleVerifier [0x00007FF74A27C506+4089270]
	GetHandleVerifier [0x00007FF74A274823+4057299]
	GetHandleVerifier [0x00007FF749F45C49+720121]
	(No symbol) [0x00007FF749E2126F]
	(No symbol) [0x00007FF749E1C304]
	(No symbol) [0x00007FF749E1C432]
	(No symbol) [0x00007FF749E0BD04]
	BaseThreadInitThunk [0x00007FFCA4177034+20]
	RtlUserThreadStart [0x00007FFCA5DA2651+33]
</msg>
<status status="FAIL" starttime="20240205 14:02:59.444" endtime="20240205 14:02:59.454"/>
</kw>
<kw name="Wait Until Element Is Visible and Enabled" library="Keywords">
<arg>${email_input}</arg>
<status status="NOT RUN" starttime="20240205 14:02:59.454" endtime="20240205 14:02:59.454"/>
</kw>
<kw name="Input Text" library="SeleniumLibrary">
<arg>${email_input}</arg>
<arg>${username}</arg>
<doc>Types the given ``text`` into the text field identified by ``locator``.</doc>
<status status="NOT RUN" starttime="20240205 14:02:59.455" endtime="20240205 14:02:59.455"/>
</kw>
<kw name="Wait Until Element Is Visible and Enabled" library="Keywords">
<arg>${pass_input}</arg>
<status status="NOT RUN" starttime="20240205 14:02:59.455" endtime="20240205 14:02:59.455"/>
</kw>
<kw name="Input Text" library="SeleniumLibrary">
<arg>${pass_input}</arg>
<arg>${password}</arg>
<doc>Types the given ``text`` into the text field identified by ``locator``.</doc>
<status status="NOT RUN" starttime="20240205 14:02:59.455" endtime="20240205 14:02:59.455"/>
</kw>
<kw name="Wait Until Element Is Visible and Enabled" library="Keywords">
<arg>${submit_button}</arg>
<status status="NOT RUN" starttime="20240205 14:02:59.455" endtime="20240205 14:02:59.455"/>
</kw>
<kw name="Click Button" library="SeleniumLibrary">
<arg>${submit_button}</arg>
<doc>Clicks the button identified by ``locator``.</doc>
<status status="NOT RUN" starttime="20240205 14:02:59.456" endtime="20240205 14:02:59.456"/>
</kw>
<status status="FAIL" starttime="20240205 14:02:59.443" endtime="20240205 14:02:59.456"/>
</kw>
<kw name="Wait Until Element Is Visible and Enabled" library="Keywords">
<arg>${new_app_button}</arg>
<status status="NOT RUN" starttime="20240205 14:02:59.456" endtime="20240205 14:02:59.457"/>
</kw>
<kw name="Click Button" library="SeleniumLibrary">
<arg>${new_app_button}</arg>
<doc>Clicks the button identified by ``locator``.</doc>
<status status="NOT RUN" starttime="20240205 14:02:59.457" endtime="20240205 14:02:59.457"/>
</kw>
<kw name="Wait Until Element Is Visible and Enabled" library="Keywords">
<arg>${new_bot_name}</arg>
<status status="NOT RUN" starttime="20240205 14:02:59.458" endtime="20240205 14:02:59.458"/>
</kw>
<kw name="Input Text" library="SeleniumLibrary">
<arg>${new_bot_name}</arg>
<arg>${my_api20_bot_name}</arg>
<doc>Types the given ``text`` into the text field identified by ``locator``.</doc>
<status status="NOT RUN" starttime="20240205 14:02:59.458" endtime="20240205 14:02:59.458"/>
</kw>
<for flavor="IN">
<var>${value}</var>
<value>@{checkbox_values}</value>
<iter>
<var name="${value}"/>
<kw name="Run Keyword If" library="BuiltIn">
<arg>'${value}' != 'chatgpt'</arg>
<arg>Click Element</arg>
<arg>//input[@value='${value}']</arg>
<doc>Runs the given keyword with the given arguments, if ``condition`` is true.</doc>
<status status="NOT RUN" starttime="20240205 14:02:59.459" endtime="20240205 14:02:59.459"/>
</kw>
<status status="NOT RUN" starttime="20240205 14:02:59.458" endtime="20240205 14:02:59.459"/>
</iter>
<status status="NOT RUN" starttime="20240205 14:02:59.458" endtime="20240205 14:02:59.459"/>
</for>
<kw name="Select Radio Button" library="SeleniumLibrary">
<arg>plan</arg>
<arg>pro</arg>
<doc>Sets the radio button group ``group_name`` to ``value``.</doc>
<status status="NOT RUN" starttime="20240205 14:02:59.459" endtime="20240205 14:02:59.459"/>
</kw>
<kw name="Select Radio Button" library="SeleniumLibrary">
<arg>apiver</arg>
<arg>2</arg>
<doc>Sets the radio button group ``group_name`` to ``value``.</doc>
<status status="NOT RUN" starttime="20240205 14:02:59.460" endtime="20240205 14:02:59.460"/>
</kw>
<kw name="Wait Until Element Is Visible and Enabled" library="Keywords">
<arg>${company_name_input_field}</arg>
<status status="NOT RUN" starttime="20240205 14:02:59.461" endtime="20240205 14:02:59.461"/>
</kw>
<kw name="Click Element" library="SeleniumLibrary">
<arg>${company_name_input_field}</arg>
<doc>Click the element identified by ``locator``.</doc>
<status status="NOT RUN" starttime="20240205 14:02:59.462" endtime="20240205 14:02:59.462"/>
</kw>
<kw name="Input Text" library="SeleniumLibrary">
<arg>${company_name_input_field}</arg>
<arg>${my_company_name}</arg>
<doc>Types the given ``text`` into the text field identified by ``locator``.</doc>
<status status="NOT RUN" starttime="20240205 14:02:59.466" endtime="20240205 14:02:59.467"/>
</kw>
<kw name="Wait Until Element Is Visible and Enabled" library="Keywords">
<arg>${company_name_option}</arg>
<status status="NOT RUN" starttime="20240205 14:02:59.467" endtime="20240205 14:02:59.467"/>
</kw>
<kw name="Click Element" library="SeleniumLibrary">
<arg>${company_name_option}</arg>
<doc>Click the element identified by ``locator``.</doc>
<status status="NOT RUN" starttime="20240205 14:02:59.469" endtime="20240205 14:02:59.469"/>
</kw>
<kw name="Wait Until Element Is Visible and Enabled" library="Keywords">
<arg>${save_bot_settings}</arg>
<status status="NOT RUN" starttime="20240205 14:02:59.471" endtime="20240205 14:02:59.471"/>
</kw>
<kw name="Click Button" library="SeleniumLibrary">
<arg>${save_bot_settings}</arg>
<doc>Clicks the button identified by ``locator``.</doc>
<status status="NOT RUN" starttime="20240205 14:02:59.471" endtime="20240205 14:02:59.471"/>
</kw>
<kw name="Wait Until Page Does Not Contain Element" library="SeleniumLibrary">
<arg>${loader_screen}</arg>
<arg>timeout=30s</arg>
<doc>Waits until the element ``locator`` disappears from the current page.</doc>
<status status="NOT RUN" starttime="20240205 14:02:59.472" endtime="20240205 14:02:59.472"/>
</kw>
<kw name="Close Browser" library="SeleniumLibrary" type="TEARDOWN">
<doc>Closes the current browser.</doc>
<status status="PASS" starttime="20240205 14:02:59.474" endtime="20240205 14:03:01.715"/>
</kw>
<doc>This test creates a BR V2 API2.0 bot under Evolany Co., Ltd. company</doc>
<tag>API2.0</tag>
<tag>NewAppPopup</tag>
<tag>Regression</tag>
<status status="FAIL" starttime="20240205 14:02:57.450" endtime="20240205 14:03:01.716">NoSuchWindowException: Message: no such window: target window already closed
from unknown error: web view not found
  (Session info: chrome=121.0.6167.140)
Stacktrace:
	GetHandleVerifier [0x00007FF74A1F5E42+3538674]
	(No symbol) [0x00007FF749E14C02]
	(No symbol) [0x00007FF749CC5AEB]
	(No symbol) [0x00007FF749CA288C]
	(No symbol) [0x00007FF749D35DD7]
	(No symbol) [0x00007FF749D4B40F]
	(No symbol) [0x00007FF749D2EE53]
	(No symbol) [0x00007FF749CFF514]
	(No symbol) [0x00007FF749D00631]
	GetHandleVerifier [0x00007FF74A226CAD+3738973]
	GetHandleVerifier [0x00007FF74A27C506+4089270]
	GetHandleVerifier [0x00007FF74A274823+4057299]
	GetHandleVerifier [0x00007FF749F45C49+720121]
	(No symbol) [0x00007FF749E2126F]
	(No symbol) [0x00007FF749E1C304]
	(No symbol) [0x00007FF749E1C432]
	(No symbol) [0x00007FF749E0BD04]
	BaseThreadInitThunk [0x00007FFCA4177034+20]
	RtlUserThreadStart [0x00007FFCA5DA2651+33]
</status>
</test>
<status status="FAIL" starttime="20240205 14:02:43.360" endtime="20240205 14:03:01.723"/>
</suite>
<statistics>
<total>
<stat pass="0" fail="2" skip="0">All Tests</stat>
</total>
<tag>
<stat pass="0" fail="1" skip="0">API1.0</stat>
<stat pass="0" fail="1" skip="0">API2.0</stat>
<stat pass="0" fail="2" skip="0">NewAppPopup</stat>
<stat pass="0" fail="2" skip="0">Regression</stat>
<stat pass="0" fail="1" skip="0">Test1</stat>
<stat pass="0" fail="1" skip="0">Test2</stat>
</tag>
<suite>
<stat pass="0" fail="2" skip="0" id="s1" name="AddBots">AddBots</stat>
</suite>
</statistics>
<errors>
<msg timestamp="20240205 14:02:55.354" level="WARN">Keyword 'Capture Page Screenshot' could not be run on failure: Message: Failed to decode response from marionette
</msg>
<msg timestamp="20240205 14:02:59.448" level="WARN">Keyword 'Capture Page Screenshot' could not be run on failure: Message: no such window: target window already closed
from unknown error: web view not found
  (Session info: chrome=121.0.6167.140)
Stacktrace:
	GetHandleVerifier [0x00007FF74A1F5E42+3538674]
	(No symbol) [0x00007FF749E14C02]
	(No symbol) [0x00007FF749CC5AEB]
	(No symbol) [0x00007FF749CA288C]
	(No symbol) [0x00007FF749D35DD7]
	(No symbol) [0x00007FF749D4B40F]
	(No symbol) [0x00007FF749D2EE53]
	(No symbol) [0x00007FF749CFF514]
	(No symbol) [0x00007FF749D00631]
	GetHandleVerifier [0x00007FF74A226CAD+3738973]
	GetHandleVerifier [0x00007FF74A27C506+4089270]
	GetHandleVerifier [0x00007FF74A274823+4057299]
	GetHandleVerifier [0x00007FF749F45C49+720121]
	(No symbol) [0x00007FF749E2126F]
	(No symbol) [0x00007FF749E1C304]
	(No symbol) [0x00007FF749E1C432]
	(No symbol) [0x00007FF749E0BD04]
	BaseThreadInitThunk [0x00007FFCA4177034+20]
	RtlUserThreadStart [0x00007FFCA5DA2651+33]
</msg>
</errors>
</robot>
